{"/home/edyomar/portfolio/trybetunes/src/App.js": {"path":"/home/edyomar/portfolio/trybetunes/src/App.js","statementMap":{"0":{"start":{"line":14,"column":22},"end":{"line":21,"column":3}},"1":{"start":{"line":23,"column":2},"end":{"line":47,"column":4}}},"fnMap":{"0":{"name":"App","decl":{"start":{"line":13,"column":9},"end":{"line":13,"column":12}},"loc":{"start":{"line":13,"column":15},"end":{"line":48,"column":1}},"line":13}},"branchMap":{},"s":{"0":4,"1":4},"f":{"0":4},"b":{},"_coverageSchema":"1a1c01bbd47fc00a2c39e90264f33305004495a9","hash":"32f23c41eb046a49692ac49121e2960374158114"}
,"/home/edyomar/portfolio/trybetunes/src/index.js": {"path":"/home/edyomar/portfolio/trybetunes/src/index.js","statementMap":{"0":{"start":{"line":7,"column":13},"end":{"line":7,"column":65}},"1":{"start":{"line":8,"column":0},"end":{"line":12,"column":2}},"2":{"start":{"line":17,"column":0},"end":{"line":17,"column":18}}},"fnMap":{},"branchMap":{},"s":{"0":0,"1":0,"2":0},"f":{},"b":{}}
,"/home/edyomar/portfolio/trybetunes/src/reportWebVitals.js": {"path":"/home/edyomar/portfolio/trybetunes/src/reportWebVitals.js","statementMap":{"0":{"start":{"line":1,"column":24},"end":{"line":11,"column":1}},"1":{"start":{"line":2,"column":2},"end":{"line":10,"column":3}},"2":{"start":{"line":3,"column":4},"end":{"line":9,"column":7}},"3":{"start":{"line":4,"column":6},"end":{"line":4,"column":26}},"4":{"start":{"line":5,"column":6},"end":{"line":5,"column":26}},"5":{"start":{"line":6,"column":6},"end":{"line":6,"column":26}},"6":{"start":{"line":7,"column":6},"end":{"line":7,"column":26}},"7":{"start":{"line":8,"column":6},"end":{"line":8,"column":27}}},"fnMap":{"0":{"name":"(anonymous_0)","decl":{"start":{"line":1,"column":24},"end":{"line":1,"column":25}},"loc":{"start":{"line":1,"column":39},"end":{"line":11,"column":1}},"line":1},"1":{"name":"(anonymous_1)","decl":{"start":{"line":3,"column":30},"end":{"line":3,"column":31}},"loc":{"start":{"line":3,"column":79},"end":{"line":9,"column":5}},"line":3}},"branchMap":{"0":{"loc":{"start":{"line":2,"column":2},"end":{"line":10,"column":3}},"type":"if","locations":[{"start":{"line":2,"column":2},"end":{"line":10,"column":3}},{"start":{},"end":{}}],"line":2},"1":{"loc":{"start":{"line":2,"column":6},"end":{"line":2,"column":52}},"type":"binary-expr","locations":[{"start":{"line":2,"column":6},"end":{"line":2,"column":17}},{"start":{"line":2,"column":21},"end":{"line":2,"column":52}}],"line":2}},"s":{"0":0,"1":0,"2":0,"3":0,"4":0,"5":0,"6":0,"7":0},"f":{"0":0,"1":0},"b":{"0":[0,0],"1":[0,0]}}
,"/home/edyomar/portfolio/trybetunes/src/components/Header/Header.js": {"path":"/home/edyomar/portfolio/trybetunes/src/components/Header/Header.js","statementMap":{"0":{"start":{"line":10,"column":19},"end":{"line":10,"column":32}},"1":{"start":{"line":11,"column":23},"end":{"line":11,"column":36}},"2":{"start":{"line":12,"column":19},"end":{"line":12,"column":41}},"3":{"start":{"line":14,"column":2},"end":{"line":59,"column":4}},"4":{"start":{"line":31,"column":28},"end":{"line":31,"column":41}},"5":{"start":{"line":39,"column":26},"end":{"line":39,"column":45}},"6":{"start":{"line":46,"column":26},"end":{"line":46,"column":48}},"7":{"start":{"line":53,"column":26},"end":{"line":53,"column":46}}},"fnMap":{"0":{"name":"Header","decl":{"start":{"line":9,"column":9},"end":{"line":9,"column":15}},"loc":{"start":{"line":9,"column":18},"end":{"line":60,"column":1}},"line":9},"1":{"name":"(anonymous_1)","decl":{"start":{"line":31,"column":22},"end":{"line":31,"column":23}},"loc":{"start":{"line":31,"column":28},"end":{"line":31,"column":41}},"line":31},"2":{"name":"(anonymous_2)","decl":{"start":{"line":39,"column":20},"end":{"line":39,"column":21}},"loc":{"start":{"line":39,"column":26},"end":{"line":39,"column":45}},"line":39},"3":{"name":"(anonymous_3)","decl":{"start":{"line":46,"column":20},"end":{"line":46,"column":21}},"loc":{"start":{"line":46,"column":26},"end":{"line":46,"column":48}},"line":46},"4":{"name":"(anonymous_4)","decl":{"start":{"line":53,"column":20},"end":{"line":53,"column":21}},"loc":{"start":{"line":53,"column":26},"end":{"line":53,"column":46}},"line":53}},"branchMap":{"0":{"loc":{"start":{"line":22,"column":20},"end":{"line":22,"column":66}},"type":"cond-expr","locations":[{"start":{"line":22,"column":44},"end":{"line":22,"column":54}},{"start":{"line":22,"column":57},"end":{"line":22,"column":66}}],"line":22},"1":{"loc":{"start":{"line":38,"column":22},"end":{"line":38,"column":111}},"type":"cond-expr","locations":[{"start":{"line":38,"column":84},"end":{"line":38,"column":94}},{"start":{"line":38,"column":97},"end":{"line":38,"column":111}}],"line":38},"2":{"loc":{"start":{"line":38,"column":22},"end":{"line":38,"column":81}},"type":"binary-expr","locations":[{"start":{"line":38,"column":22},"end":{"line":38,"column":50}},{"start":{"line":38,"column":54},"end":{"line":38,"column":81}}],"line":38},"3":{"loc":{"start":{"line":45,"column":22},"end":{"line":45,"column":83}},"type":"cond-expr","locations":[{"start":{"line":45,"column":56},"end":{"line":45,"column":66}},{"start":{"line":45,"column":69},"end":{"line":45,"column":83}}],"line":45},"4":{"loc":{"start":{"line":52,"column":22},"end":{"line":52,"column":81}},"type":"cond-expr","locations":[{"start":{"line":52,"column":54},"end":{"line":52,"column":64}},{"start":{"line":52,"column":67},"end":{"line":52,"column":81}}],"line":52}},"s":{"0":1,"1":1,"2":1,"3":1,"4":0,"5":0,"6":0,"7":0},"f":{"0":1,"1":0,"2":0,"3":0,"4":0},"b":{"0":[0,1],"1":[1,0],"2":[1,0],"3":[0,1],"4":[0,1]},"_coverageSchema":"1a1c01bbd47fc00a2c39e90264f33305004495a9","hash":"33f50585919cb6571172002ff43e58b1baa37323"}
,"/home/edyomar/portfolio/trybetunes/src/components/Header/Style.js": {"path":"/home/edyomar/portfolio/trybetunes/src/components/Header/Style.js","statementMap":{"0":{"start":{"line":3,"column":25},"end":{"line":61,"column":1}},"1":{"start":{"line":62,"column":25},"end":{"line":95,"column":1}}},"fnMap":{},"branchMap":{},"s":{"0":2,"1":2},"f":{},"b":{},"_coverageSchema":"1a1c01bbd47fc00a2c39e90264f33305004495a9","hash":"84bda8a464071019b72baf210a136589df3ce3bf"}
,"/home/edyomar/portfolio/trybetunes/src/components/InfoUpdatePopup/InfoUpdatePopup.js": {"path":"/home/edyomar/portfolio/trybetunes/src/components/InfoUpdatePopup/InfoUpdatePopup.js","statementMap":{"0":{"start":{"line":5,"column":2},"end":{"line":9,"column":4}}},"fnMap":{"0":{"name":"InfoUpdatePopup","decl":{"start":{"line":4,"column":9},"end":{"line":4,"column":24}},"loc":{"start":{"line":4,"column":27},"end":{"line":10,"column":1}},"line":4}},"branchMap":{},"s":{"0":0},"f":{"0":0},"b":{},"_coverageSchema":"1a1c01bbd47fc00a2c39e90264f33305004495a9","hash":"a1cee1540c427b80a72e020b62e3421183db0cf1"}
,"/home/edyomar/portfolio/trybetunes/src/components/InfoUpdatePopup/Style.js": {"path":"/home/edyomar/portfolio/trybetunes/src/components/InfoUpdatePopup/Style.js","statementMap":{"0":{"start":{"line":3,"column":19},"end":{"line":90,"column":1}}},"fnMap":{},"branchMap":{},"s":{"0":2},"f":{},"b":{},"_coverageSchema":"1a1c01bbd47fc00a2c39e90264f33305004495a9","hash":"d51ed4f2b601fe5760432ea9c1d0079a83d8288e"}
,"/home/edyomar/portfolio/trybetunes/src/components/Loading/Loading.js": {"path":"/home/edyomar/portfolio/trybetunes/src/components/Loading/Loading.js","statementMap":{"0":{"start":{"line":5,"column":2},"end":{"line":7,"column":4}}},"fnMap":{"0":{"name":"Loading","decl":{"start":{"line":4,"column":9},"end":{"line":4,"column":16}},"loc":{"start":{"line":4,"column":19},"end":{"line":8,"column":1}},"line":4}},"branchMap":{},"s":{"0":0},"f":{"0":0},"b":{},"_coverageSchema":"1a1c01bbd47fc00a2c39e90264f33305004495a9","hash":"babd4a05fdc7c1b62b49d2a54d52bb6af67413e8"}
,"/home/edyomar/portfolio/trybetunes/src/components/Loading/Style.js": {"path":"/home/edyomar/portfolio/trybetunes/src/components/Loading/Style.js","statementMap":{"0":{"start":{"line":3,"column":17},"end":{"line":13,"column":1}}},"fnMap":{},"branchMap":{},"s":{"0":2},"f":{},"b":{},"_coverageSchema":"1a1c01bbd47fc00a2c39e90264f33305004495a9","hash":"cfd6e8b9170c4310d98aacc7c230ac4ab9de9e56"}
,"/home/edyomar/portfolio/trybetunes/src/components/MusicCard/MusicCard.js": {"path":"/home/edyomar/portfolio/trybetunes/src/components/MusicCard/MusicCard.js","statementMap":{"0":{"start":{"line":8,"column":36},"end":{"line":8,"column":48}},"1":{"start":{"line":9,"column":28},"end":{"line":9,"column":43}},"2":{"start":{"line":11,"column":2},"end":{"line":17,"column":9}},"3":{"start":{"line":12,"column":26},"end":{"line":15,"column":5}},"4":{"start":{"line":13,"column":28},"end":{"line":13,"column":53}},"5":{"start":{"line":14,"column":6},"end":{"line":14,"column":34}},"6":{"start":{"line":16,"column":4},"end":{"line":16,"column":20}},"7":{"start":{"line":19,"column":2},"end":{"line":21,"column":18}},"8":{"start":{"line":20,"column":4},"end":{"line":20,"column":16}},"9":{"start":{"line":23,"column":22},"end":{"line":33,"column":3}},"10":{"start":{"line":24,"column":4},"end":{"line":24,"column":21}},"11":{"start":{"line":26,"column":4},"end":{"line":28,"column":5}},"12":{"start":{"line":27,"column":6},"end":{"line":27,"column":22}},"13":{"start":{"line":30,"column":4},"end":{"line":32,"column":5}},"14":{"start":{"line":31,"column":6},"end":{"line":31,"column":24}},"15":{"start":{"line":35,"column":20},"end":{"line":39,"column":3}},"16":{"start":{"line":36,"column":18},"end":{"line":36,"column":74}},"17":{"start":{"line":36,"column":46},"end":{"line":36,"column":73}},"18":{"start":{"line":38,"column":4},"end":{"line":38,"column":20}},"19":{"start":{"line":41,"column":2},"end":{"line":60,"column":4}},"20":{"start":{"line":63,"column":0},"end":{"line":68,"column":2}}},"fnMap":{"0":{"name":"MusicCard","decl":{"start":{"line":7,"column":9},"end":{"line":7,"column":18}},"loc":{"start":{"line":7,"column":62},"end":{"line":61,"column":1}},"line":7},"1":{"name":"(anonymous_1)","decl":{"start":{"line":11,"column":12},"end":{"line":11,"column":13}},"loc":{"start":{"line":11,"column":18},"end":{"line":17,"column":3}},"line":11},"2":{"name":"(anonymous_2)","decl":{"start":{"line":12,"column":26},"end":{"line":12,"column":27}},"loc":{"start":{"line":12,"column":38},"end":{"line":15,"column":5}},"line":12},"3":{"name":"(anonymous_3)","decl":{"start":{"line":19,"column":12},"end":{"line":19,"column":13}},"loc":{"start":{"line":19,"column":18},"end":{"line":21,"column":3}},"line":19},"4":{"name":"(anonymous_4)","decl":{"start":{"line":23,"column":22},"end":{"line":23,"column":23}},"loc":{"start":{"line":23,"column":34},"end":{"line":33,"column":3}},"line":23},"5":{"name":"(anonymous_5)","decl":{"start":{"line":35,"column":20},"end":{"line":35,"column":21}},"loc":{"start":{"line":35,"column":26},"end":{"line":39,"column":3}},"line":35},"6":{"name":"(anonymous_6)","decl":{"start":{"line":36,"column":33},"end":{"line":36,"column":34}},"loc":{"start":{"line":36,"column":46},"end":{"line":36,"column":73}},"line":36}},"branchMap":{"0":{"loc":{"start":{"line":26,"column":4},"end":{"line":28,"column":5}},"type":"if","locations":[{"start":{"line":26,"column":4},"end":{"line":28,"column":5}},{"start":{},"end":{}}],"line":26},"1":{"loc":{"start":{"line":30,"column":4},"end":{"line":32,"column":5}},"type":"if","locations":[{"start":{"line":30,"column":4},"end":{"line":32,"column":5}},{"start":{},"end":{}}],"line":30},"2":{"loc":{"start":{"line":43,"column":8},"end":{"line":43,"column":29}},"type":"binary-expr","locations":[{"start":{"line":43,"column":8},"end":{"line":43,"column":19}},{"start":{"line":43,"column":23},"end":{"line":43,"column":29}}],"line":43},"3":{"loc":{"start":{"line":54,"column":22},"end":{"line":54,"column":57}},"type":"cond-expr","locations":[{"start":{"line":54,"column":30},"end":{"line":54,"column":40}},{"start":{"line":54,"column":43},"end":{"line":54,"column":57}}],"line":54}},"s":{"0":0,"1":0,"2":0,"3":0,"4":0,"5":0,"6":0,"7":0,"8":0,"9":0,"10":0,"11":0,"12":0,"13":0,"14":0,"15":0,"16":0,"17":0,"18":0,"19":0,"20":2},"f":{"0":0,"1":0,"2":0,"3":0,"4":0,"5":0,"6":0},"b":{"0":[0,0],"1":[0,0],"2":[0,0],"3":[0,0]},"_coverageSchema":"1a1c01bbd47fc00a2c39e90264f33305004495a9","hash":"0a926026f1ca5ab40a2f117a1fe36cb10f3908ff"}
,"/home/edyomar/portfolio/trybetunes/src/components/MusicCard/Style.js": {"path":"/home/edyomar/portfolio/trybetunes/src/components/MusicCard/Style.js","statementMap":{"0":{"start":{"line":3,"column":19},"end":{"line":38,"column":1}}},"fnMap":{},"branchMap":{},"s":{"0":2},"f":{},"b":{},"_coverageSchema":"1a1c01bbd47fc00a2c39e90264f33305004495a9","hash":"56b7f4606f14dddaeada47b890bb22c4bb4cda95"}
,"/home/edyomar/portfolio/trybetunes/src/context/AppContext.js": {"path":"/home/edyomar/portfolio/trybetunes/src/context/AppContext.js","statementMap":{"0":{"start":{"line":3,"column":19},"end":{"line":3,"column":34}}},"fnMap":{},"branchMap":{},"s":{"0":2},"f":{},"b":{},"_coverageSchema":"1a1c01bbd47fc00a2c39e90264f33305004495a9","hash":"bd6e8ed0757dc61a1c645917d7ae1f9295f17bad"}
,"/home/edyomar/portfolio/trybetunes/src/context/AppProvider.js": {"path":"/home/edyomar/portfolio/trybetunes/src/context/AppProvider.js","statementMap":{"0":{"start":{"line":5,"column":40},"end":{"line":5,"column":98}},"1":{"start":{"line":6,"column":56},"end":{"line":6,"column":71}},"2":{"start":{"line":7,"column":26},"end":{"line":12,"column":4}},"3":{"start":{"line":14,"column":23},"end":{"line":21,"column":3}},"4":{"start":{"line":22,"column":2},"end":{"line":26,"column":4}}},"fnMap":{"0":{"name":"AppProvider","decl":{"start":{"line":4,"column":9},"end":{"line":4,"column":20}},"loc":{"start":{"line":4,"column":35},"end":{"line":27,"column":1}},"line":4}},"branchMap":{},"s":{"0":44,"1":44,"2":44,"3":44,"4":44},"f":{"0":44},"b":{},"_coverageSchema":"1a1c01bbd47fc00a2c39e90264f33305004495a9","hash":"7b08297011958db6b8e08a82d30cf25fd0b22809"}
,"/home/edyomar/portfolio/trybetunes/src/pages/Album/Album.js": {"path":"/home/edyomar/portfolio/trybetunes/src/pages/Album/Album.js","statementMap":{"0":{"start":{"line":9,"column":28},"end":{"line":9,"column":47}},"1":{"start":{"line":10,"column":30},"end":{"line":10,"column":42}},"2":{"start":{"line":11,"column":23},"end":{"line":11,"column":36}},"3":{"start":{"line":12,"column":20},"end":{"line":12,"column":21}},"4":{"start":{"line":14,"column":2},"end":{"line":38,"column":9}},"5":{"start":{"line":16,"column":24},"end":{"line":36,"column":5}},"6":{"start":{"line":17,"column":6},"end":{"line":35,"column":7}},"7":{"start":{"line":18,"column":19},"end":{"line":18,"column":47}},"8":{"start":{"line":19,"column":8},"end":{"line":19,"column":24}},"9":{"start":{"line":21,"column":24},"end":{"line":21,"column":43}},"10":{"start":{"line":23,"column":23},"end":{"line":23,"column":71}},"11":{"start":{"line":23,"column":59},"end":{"line":23,"column":70}},"12":{"start":{"line":25,"column":8},"end":{"line":25,"column":26}},"13":{"start":{"line":27,"column":8},"end":{"line":30,"column":9}},"14":{"start":{"line":28,"column":39},"end":{"line":28,"column":65}},"15":{"start":{"line":29,"column":10},"end":{"line":29,"column":49}},"16":{"start":{"line":32,"column":8},"end":{"line":32,"column":26}},"17":{"start":{"line":34,"column":8},"end":{"line":34,"column":27}},"18":{"start":{"line":37,"column":4},"end":{"line":37,"column":18}},"19":{"start":{"line":40,"column":2},"end":{"line":70,"column":4}},"20":{"start":{"line":57,"column":16},"end":{"line":64,"column":18}}},"fnMap":{"0":{"name":"Album","decl":{"start":{"line":8,"column":9},"end":{"line":8,"column":14}},"loc":{"start":{"line":8,"column":17},"end":{"line":71,"column":1}},"line":8},"1":{"name":"(anonymous_1)","decl":{"start":{"line":14,"column":12},"end":{"line":14,"column":13}},"loc":{"start":{"line":14,"column":18},"end":{"line":38,"column":3}},"line":14},"2":{"name":"(anonymous_2)","decl":{"start":{"line":16,"column":24},"end":{"line":16,"column":25}},"loc":{"start":{"line":16,"column":36},"end":{"line":36,"column":5}},"line":16},"3":{"name":"(anonymous_3)","decl":{"start":{"line":23,"column":38},"end":{"line":23,"column":39}},"loc":{"start":{"line":23,"column":59},"end":{"line":23,"column":70}},"line":23},"4":{"name":"(anonymous_4)","decl":{"start":{"line":56,"column":25},"end":{"line":56,"column":26}},"loc":{"start":{"line":57,"column":16},"end":{"line":64,"column":18}},"line":57}},"branchMap":{"0":{"loc":{"start":{"line":27,"column":8},"end":{"line":30,"column":9}},"type":"if","locations":[{"start":{"line":27,"column":8},"end":{"line":30,"column":9}},{"start":{},"end":{}}],"line":27},"1":{"loc":{"start":{"line":27,"column":12},"end":{"line":27,"column":47}},"type":"binary-expr","locations":[{"start":{"line":27,"column":12},"end":{"line":27,"column":18}},{"start":{"line":27,"column":22},"end":{"line":27,"column":47}}],"line":27},"2":{"loc":{"start":{"line":48,"column":20},"end":{"line":48,"column":51}},"type":"binary-expr","locations":[{"start":{"line":48,"column":20},"end":{"line":48,"column":25}},{"start":{"line":48,"column":29},"end":{"line":48,"column":51}}],"line":48},"3":{"loc":{"start":{"line":49,"column":15},"end":{"line":49,"column":47}},"type":"binary-expr","locations":[{"start":{"line":49,"column":15},"end":{"line":49,"column":20}},{"start":{"line":49,"column":24},"end":{"line":49,"column":47}}],"line":49},"4":{"loc":{"start":{"line":50,"column":38},"end":{"line":50,"column":66}},"type":"binary-expr","locations":[{"start":{"line":50,"column":38},"end":{"line":50,"column":43}},{"start":{"line":50,"column":47},"end":{"line":50,"column":66}}],"line":50},"5":{"loc":{"start":{"line":53,"column":9},"end":{"line":67,"column":17}},"type":"binary-expr","locations":[{"start":{"line":53,"column":9},"end":{"line":53,"column":14}},{"start":{"line":54,"column":10},"end":{"line":67,"column":16}}],"line":53}},"s":{"0":0,"1":0,"2":0,"3":0,"4":0,"5":0,"6":0,"7":0,"8":0,"9":0,"10":0,"11":0,"12":0,"13":0,"14":0,"15":0,"16":0,"17":0,"18":0,"19":0,"20":0},"f":{"0":0,"1":0,"2":0,"3":0,"4":0},"b":{"0":[0,0],"1":[0,0],"2":[0,0],"3":[0,0],"4":[0,0],"5":[0,0]},"_coverageSchema":"1a1c01bbd47fc00a2c39e90264f33305004495a9","hash":"04bacc2032b1ed41b36176ff1a9c8590b82ee348"}
,"/home/edyomar/portfolio/trybetunes/src/pages/Album/Style.js": {"path":"/home/edyomar/portfolio/trybetunes/src/pages/Album/Style.js","statementMap":{"0":{"start":{"line":3,"column":23},"end":{"line":34,"column":1}}},"fnMap":{},"branchMap":{},"s":{"0":2},"f":{},"b":{},"_coverageSchema":"1a1c01bbd47fc00a2c39e90264f33305004495a9","hash":"96091693cb9aff14c07f0aaabe4ddf6450b4f38c"}
,"/home/edyomar/portfolio/trybetunes/src/pages/Favorites/Favorites.js": {"path":"/home/edyomar/portfolio/trybetunes/src/pages/Favorites/Favorites.js","statementMap":{"0":{"start":{"line":8,"column":34},"end":{"line":8,"column":46}},"1":{"start":{"line":10,"column":2},"end":{"line":13,"column":9}},"2":{"start":{"line":11,"column":24},"end":{"line":11,"column":43}},"3":{"start":{"line":12,"column":4},"end":{"line":12,"column":29}},"4":{"start":{"line":15,"column":19},"end":{"line":15,"column":80}},"5":{"start":{"line":17,"column":2},"end":{"line":42,"column":4}},"6":{"start":{"line":28,"column":16},"end":{"line":35,"column":18}}},"fnMap":{"0":{"name":"Favorites","decl":{"start":{"line":7,"column":9},"end":{"line":7,"column":18}},"loc":{"start":{"line":7,"column":21},"end":{"line":43,"column":1}},"line":7},"1":{"name":"(anonymous_1)","decl":{"start":{"line":10,"column":12},"end":{"line":10,"column":13}},"loc":{"start":{"line":10,"column":18},"end":{"line":13,"column":3}},"line":10},"2":{"name":"(anonymous_2)","decl":{"start":{"line":27,"column":27},"end":{"line":27,"column":28}},"loc":{"start":{"line":28,"column":16},"end":{"line":35,"column":18}},"line":28}},"branchMap":{"0":{"loc":{"start":{"line":24,"column":9},"end":{"line":39,"column":19}},"type":"cond-expr","locations":[{"start":{"line":25,"column":10},"end":{"line":38,"column":16}},{"start":{"line":39,"column":12},"end":{"line":39,"column":19}}],"line":24},"1":{"loc":{"start":{"line":24,"column":9},"end":{"line":24,"column":40}},"type":"binary-expr","locations":[{"start":{"line":24,"column":9},"end":{"line":24,"column":17}},{"start":{"line":24,"column":21},"end":{"line":24,"column":40}}],"line":24}},"s":{"0":0,"1":0,"2":0,"3":0,"4":0,"5":0,"6":0},"f":{"0":0,"1":0,"2":0},"b":{"0":[0,0],"1":[0,0]},"_coverageSchema":"1a1c01bbd47fc00a2c39e90264f33305004495a9","hash":"4829511b196d99c901a3f727cad4b48d54f62074"}
,"/home/edyomar/portfolio/trybetunes/src/pages/Favorites/Style.js": {"path":"/home/edyomar/portfolio/trybetunes/src/pages/Favorites/Style.js","statementMap":{"0":{"start":{"line":3,"column":20},"end":{"line":10,"column":1}},"1":{"start":{"line":12,"column":19},"end":{"line":23,"column":1}},"2":{"start":{"line":25,"column":17},"end":{"line":35,"column":1}}},"fnMap":{},"branchMap":{},"s":{"0":2,"1":2,"2":2},"f":{},"b":{},"_coverageSchema":"1a1c01bbd47fc00a2c39e90264f33305004495a9","hash":"1f5f602795cc64bcf3a559be6b5017030c3efe5a"}
,"/home/edyomar/portfolio/trybetunes/src/pages/Login/Login.js": {"path":"/home/edyomar/portfolio/trybetunes/src/pages/Login/Login.js","statementMap":{"0":{"start":{"line":8,"column":34},"end":{"line":8,"column":48}},"1":{"start":{"line":9,"column":42},"end":{"line":9,"column":57}},"2":{"start":{"line":10,"column":19},"end":{"line":10,"column":32}},"3":{"start":{"line":11,"column":28},"end":{"line":11,"column":50}},"4":{"start":{"line":12,"column":30},"end":{"line":12,"column":31}},"5":{"start":{"line":15,"column":23},"end":{"line":24,"column":3}},"6":{"start":{"line":16,"column":4},"end":{"line":16,"column":54}},"7":{"start":{"line":18,"column":26},"end":{"line":18,"column":40}},"8":{"start":{"line":19,"column":4},"end":{"line":23,"column":5}},"9":{"start":{"line":20,"column":6},"end":{"line":20,"column":28}},"10":{"start":{"line":22,"column":6},"end":{"line":22,"column":29}},"11":{"start":{"line":26,"column":2},"end":{"line":32,"column":27}},"12":{"start":{"line":27,"column":4},"end":{"line":31,"column":5}},"13":{"start":{"line":28,"column":6},"end":{"line":28,"column":25}},"14":{"start":{"line":30,"column":6},"end":{"line":30,"column":24}},"15":{"start":{"line":34,"column":22},"end":{"line":37,"column":3}},"16":{"start":{"line":36,"column":4},"end":{"line":36,"column":24}},"17":{"start":{"line":38,"column":2},"end":{"line":72,"column":4}}},"fnMap":{"0":{"name":"Login","decl":{"start":{"line":7,"column":9},"end":{"line":7,"column":14}},"loc":{"start":{"line":7,"column":17},"end":{"line":73,"column":1}},"line":7},"1":{"name":"(anonymous_1)","decl":{"start":{"line":15,"column":23},"end":{"line":15,"column":24}},"loc":{"start":{"line":15,"column":39},"end":{"line":24,"column":3}},"line":15},"2":{"name":"(anonymous_2)","decl":{"start":{"line":26,"column":12},"end":{"line":26,"column":13}},"loc":{"start":{"line":26,"column":18},"end":{"line":32,"column":3}},"line":26},"3":{"name":"(anonymous_3)","decl":{"start":{"line":34,"column":22},"end":{"line":34,"column":23}},"loc":{"start":{"line":34,"column":28},"end":{"line":37,"column":3}},"line":34}},"branchMap":{"0":{"loc":{"start":{"line":19,"column":4},"end":{"line":23,"column":5}},"type":"if","locations":[{"start":{"line":19,"column":4},"end":{"line":23,"column":5}},{"start":{"line":21,"column":11},"end":{"line":23,"column":5}}],"line":19},"1":{"loc":{"start":{"line":27,"column":4},"end":{"line":31,"column":5}},"type":"if","locations":[{"start":{"line":27,"column":4},"end":{"line":31,"column":5}},{"start":{"line":29,"column":11},"end":{"line":31,"column":5}}],"line":27},"2":{"loc":{"start":{"line":27,"column":8},"end":{"line":27,"column":67}},"type":"binary-expr","locations":[{"start":{"line":27,"column":8},"end":{"line":27,"column":51}},{"start":{"line":27,"column":55},"end":{"line":27,"column":67}}],"line":27}},"s":{"0":84,"1":84,"2":84,"3":84,"4":84,"5":84,"6":40,"7":40,"8":40,"9":16,"10":24,"11":84,"12":44,"13":2,"14":42,"15":84,"16":1,"17":84},"f":{"0":84,"1":40,"2":44,"3":1},"b":{"0":[16,24],"1":[2,42],"2":[44,2]},"_coverageSchema":"1a1c01bbd47fc00a2c39e90264f33305004495a9","hash":"26070535d03322a3425e9d2b1907d227a65af2ac"}
,"/home/edyomar/portfolio/trybetunes/src/pages/Login/Style.js": {"path":"/home/edyomar/portfolio/trybetunes/src/pages/Login/Style.js","statementMap":{"0":{"start":{"line":3,"column":20},"end":{"line":100,"column":1}}},"fnMap":{},"branchMap":{},"s":{"0":2},"f":{},"b":{},"_coverageSchema":"1a1c01bbd47fc00a2c39e90264f33305004495a9","hash":"3f30ece98a4ad088247ff26c3026a63fddc3330e"}
,"/home/edyomar/portfolio/trybetunes/src/pages/NotFound/NotFound.js": {"path":"/home/edyomar/portfolio/trybetunes/src/pages/NotFound/NotFound.js","statementMap":{"0":{"start":{"line":7,"column":19},"end":{"line":7,"column":32}},"1":{"start":{"line":9,"column":2},"end":{"line":22,"column":4}},"2":{"start":{"line":18,"column":44},"end":{"line":18,"column":63}}},"fnMap":{"0":{"name":"NotFound","decl":{"start":{"line":6,"column":9},"end":{"line":6,"column":17}},"loc":{"start":{"line":6,"column":20},"end":{"line":23,"column":1}},"line":6},"1":{"name":"(anonymous_1)","decl":{"start":{"line":18,"column":38},"end":{"line":18,"column":39}},"loc":{"start":{"line":18,"column":44},"end":{"line":18,"column":63}},"line":18}},"branchMap":{},"s":{"0":0,"1":0,"2":0},"f":{"0":0,"1":0},"b":{},"_coverageSchema":"1a1c01bbd47fc00a2c39e90264f33305004495a9","hash":"3fae6b3494f3ea76f90e2754d08ea43f47dbe08e"}
,"/home/edyomar/portfolio/trybetunes/src/pages/NotFound/Style.js": {"path":"/home/edyomar/portfolio/trybetunes/src/pages/NotFound/Style.js","statementMap":{"0":{"start":{"line":3,"column":23},"end":{"line":31,"column":1}},"1":{"start":{"line":33,"column":19},"end":{"line":59,"column":1}}},"fnMap":{},"branchMap":{},"s":{"0":2,"1":2},"f":{},"b":{},"_coverageSchema":"1a1c01bbd47fc00a2c39e90264f33305004495a9","hash":"234289f5eb8c45e23824cdd748528317c65eea4b"}
,"/home/edyomar/portfolio/trybetunes/src/pages/Profile/Profile.js": {"path":"/home/edyomar/portfolio/trybetunes/src/pages/Profile/Profile.js","statementMap":{"0":{"start":{"line":10,"column":77},"end":{"line":10,"column":99}},"1":{"start":{"line":11,"column":19},"end":{"line":11,"column":32}},"2":{"start":{"line":13,"column":2},"end":{"line":18,"column":9}},"3":{"start":{"line":14,"column":18},"end":{"line":16,"column":12}},"4":{"start":{"line":15,"column":6},"end":{"line":15,"column":36}},"5":{"start":{"line":17,"column":4},"end":{"line":17,"column":37}},"6":{"start":{"line":17,"column":17},"end":{"line":17,"column":36}},"7":{"start":{"line":20,"column":2},"end":{"line":51,"column":4}},"8":{"start":{"line":31,"column":30},"end":{"line":31,"column":55}}},"fnMap":{"0":{"name":"Profile","decl":{"start":{"line":9,"column":9},"end":{"line":9,"column":16}},"loc":{"start":{"line":9,"column":19},"end":{"line":52,"column":1}},"line":9},"1":{"name":"(anonymous_1)","decl":{"start":{"line":13,"column":12},"end":{"line":13,"column":13}},"loc":{"start":{"line":13,"column":18},"end":{"line":18,"column":3}},"line":13},"2":{"name":"(anonymous_2)","decl":{"start":{"line":14,"column":29},"end":{"line":14,"column":30}},"loc":{"start":{"line":14,"column":35},"end":{"line":16,"column":5}},"line":14},"3":{"name":"(anonymous_3)","decl":{"start":{"line":17,"column":11},"end":{"line":17,"column":12}},"loc":{"start":{"line":17,"column":17},"end":{"line":17,"column":36}},"line":17},"4":{"name":"(anonymous_4)","decl":{"start":{"line":31,"column":24},"end":{"line":31,"column":25}},"loc":{"start":{"line":31,"column":30},"end":{"line":31,"column":55}},"line":31}},"branchMap":{"0":{"loc":{"start":{"line":24,"column":9},"end":{"line":24,"column":51}},"type":"binary-expr","locations":[{"start":{"line":24,"column":9},"end":{"line":24,"column":28}},{"start":{"line":24,"column":32},"end":{"line":24,"column":51}}],"line":24},"1":{"loc":{"start":{"line":28,"column":23},"end":{"line":28,"column":69}},"type":"cond-expr","locations":[{"start":{"line":28,"column":47},"end":{"line":28,"column":57}},{"start":{"line":28,"column":60},"end":{"line":28,"column":69}}],"line":28},"2":{"loc":{"start":{"line":42,"column":17},"end":{"line":42,"column":87}},"type":"cond-expr","locations":[{"start":{"line":42,"column":30},"end":{"line":42,"column":40}},{"start":{"line":42,"column":43},"end":{"line":42,"column":87}}],"line":42}},"s":{"0":0,"1":0,"2":0,"3":0,"4":0,"5":0,"6":0,"7":0,"8":0},"f":{"0":0,"1":0,"2":0,"3":0,"4":0},"b":{"0":[0,0],"1":[0,0],"2":[0,0]},"_coverageSchema":"1a1c01bbd47fc00a2c39e90264f33305004495a9","hash":"f75a4dd3abefc4535d6d6c4a630eabaab45ba860"}
,"/home/edyomar/portfolio/trybetunes/src/pages/Profile/Style.js": {"path":"/home/edyomar/portfolio/trybetunes/src/pages/Profile/Style.js","statementMap":{"0":{"start":{"line":3,"column":23},"end":{"line":10,"column":1}},"1":{"start":{"line":11,"column":20},"end":{"line":42,"column":1}},"2":{"start":{"line":44,"column":20},"end":{"line":66,"column":1}}},"fnMap":{},"branchMap":{},"s":{"0":2,"1":2,"2":2},"f":{},"b":{},"_coverageSchema":"1a1c01bbd47fc00a2c39e90264f33305004495a9","hash":"bf9b5af4f585ab63620aa174b37749ce0cfffae3"}
,"/home/edyomar/portfolio/trybetunes/src/pages/ProfileEdit/ProfileEdit.js": {"path":"/home/edyomar/portfolio/trybetunes/src/pages/ProfileEdit/ProfileEdit.js","statementMap":{"0":{"start":{"line":9,"column":19},"end":{"line":9,"column":32}},"1":{"start":{"line":10,"column":34},"end":{"line":14,"column":4}},"2":{"start":{"line":15,"column":42},"end":{"line":15,"column":57}},"3":{"start":{"line":16,"column":38},"end":{"line":16,"column":52}},"4":{"start":{"line":17,"column":68},"end":{"line":17,"column":90}},"5":{"start":{"line":19,"column":2},"end":{"line":21,"column":9}},"6":{"start":{"line":20,"column":4},"end":{"line":20,"column":27}},"7":{"start":{"line":23,"column":23},"end":{"line":28,"column":3}},"8":{"start":{"line":24,"column":4},"end":{"line":27,"column":7}},"9":{"start":{"line":30,"column":23},"end":{"line":39,"column":3}},"10":{"start":{"line":31,"column":4},"end":{"line":36,"column":7}},"11":{"start":{"line":37,"column":4},"end":{"line":37,"column":33}},"12":{"start":{"line":38,"column":4},"end":{"line":38,"column":25}},"13":{"start":{"line":41,"column":21},"end":{"line":51,"column":3}},"14":{"start":{"line":42,"column":26},"end":{"line":42,"column":40}},"15":{"start":{"line":43,"column":4},"end":{"line":49,"column":5}},"16":{"start":{"line":44,"column":6},"end":{"line":44,"column":29}},"17":{"start":{"line":45,"column":6},"end":{"line":45,"column":27}},"18":{"start":{"line":47,"column":6},"end":{"line":47,"column":28}},"19":{"start":{"line":48,"column":6},"end":{"line":48,"column":26}},"20":{"start":{"line":50,"column":4},"end":{"line":50,"column":24}},"21":{"start":{"line":53,"column":2},"end":{"line":81,"column":4}},"22":{"start":{"line":74,"column":93},"end":{"line":74,"column":121}}},"fnMap":{"0":{"name":"ProfileEdit","decl":{"start":{"line":8,"column":9},"end":{"line":8,"column":20}},"loc":{"start":{"line":8,"column":23},"end":{"line":82,"column":1}},"line":8},"1":{"name":"(anonymous_1)","decl":{"start":{"line":19,"column":12},"end":{"line":19,"column":13}},"loc":{"start":{"line":19,"column":18},"end":{"line":21,"column":3}},"line":19},"2":{"name":"(anonymous_2)","decl":{"start":{"line":23,"column":23},"end":{"line":23,"column":24}},"loc":{"start":{"line":23,"column":39},"end":{"line":28,"column":3}},"line":23},"3":{"name":"(anonymous_3)","decl":{"start":{"line":30,"column":23},"end":{"line":30,"column":24}},"loc":{"start":{"line":30,"column":29},"end":{"line":39,"column":3}},"line":30},"4":{"name":"(anonymous_4)","decl":{"start":{"line":41,"column":21},"end":{"line":41,"column":22}},"loc":{"start":{"line":41,"column":27},"end":{"line":51,"column":3}},"line":41},"5":{"name":"(anonymous_5)","decl":{"start":{"line":74,"column":77},"end":{"line":74,"column":78}},"loc":{"start":{"line":74,"column":93},"end":{"line":74,"column":121}},"line":74}},"branchMap":{"0":{"loc":{"start":{"line":43,"column":4},"end":{"line":49,"column":5}},"type":"if","locations":[{"start":{"line":43,"column":4},"end":{"line":49,"column":5}},{"start":{"line":46,"column":11},"end":{"line":49,"column":5}}],"line":43},"1":{"loc":{"start":{"line":59,"column":21},"end":{"line":59,"column":67}},"type":"cond-expr","locations":[{"start":{"line":59,"column":45},"end":{"line":59,"column":55}},{"start":{"line":59,"column":58},"end":{"line":59,"column":67}}],"line":59},"2":{"loc":{"start":{"line":71,"column":11},"end":{"line":71,"column":96}},"type":"binary-expr","locations":[{"start":{"line":71,"column":11},"end":{"line":71,"column":23}},{"start":{"line":71,"column":27},"end":{"line":71,"column":96}}],"line":71}},"s":{"0":0,"1":0,"2":0,"3":0,"4":0,"5":0,"6":0,"7":0,"8":0,"9":0,"10":0,"11":0,"12":0,"13":0,"14":0,"15":0,"16":0,"17":0,"18":0,"19":0,"20":0,"21":0,"22":0},"f":{"0":0,"1":0,"2":0,"3":0,"4":0,"5":0},"b":{"0":[0,0],"1":[0,0],"2":[0,0]},"_coverageSchema":"1a1c01bbd47fc00a2c39e90264f33305004495a9","hash":"8f4a74c5d13bccaecc969f6c408a40f22affebb7"}
,"/home/edyomar/portfolio/trybetunes/src/pages/ProfileEdit/Style.js": {"path":"/home/edyomar/portfolio/trybetunes/src/pages/ProfileEdit/Style.js","statementMap":{"0":{"start":{"line":3,"column":19},"end":{"line":103,"column":1}}},"fnMap":{},"branchMap":{},"s":{"0":2},"f":{},"b":{},"_coverageSchema":"1a1c01bbd47fc00a2c39e90264f33305004495a9","hash":"a1f80b6cdc07bc0f96f0efc6e46243fe6bdb9a46"}
,"/home/edyomar/portfolio/trybetunes/src/pages/Search/Search.js": {"path":"/home/edyomar/portfolio/trybetunes/src/pages/Search/Search.js","statementMap":{"0":{"start":{"line":9,"column":30},"end":{"line":9,"column":42}},"1":{"start":{"line":10,"column":34},"end":{"line":10,"column":48}},"2":{"start":{"line":11,"column":32},"end":{"line":11,"column":47}},"3":{"start":{"line":12,"column":42},"end":{"line":12,"column":54}},"4":{"start":{"line":13,"column":19},"end":{"line":13,"column":32}},"5":{"start":{"line":16,"column":4},"end":{"line":18,"column":8}},"6":{"start":{"line":21,"column":22},"end":{"line":38,"column":3}},"7":{"start":{"line":22,"column":4},"end":{"line":22,"column":27}},"8":{"start":{"line":24,"column":4},"end":{"line":37,"column":5}},"9":{"start":{"line":25,"column":6},"end":{"line":25,"column":23}},"10":{"start":{"line":27,"column":22},"end":{"line":27,"column":48}},"11":{"start":{"line":29,"column":6},"end":{"line":29,"column":24}},"12":{"start":{"line":30,"column":6},"end":{"line":30,"column":31}},"13":{"start":{"line":32,"column":6},"end":{"line":34,"column":7}},"14":{"start":{"line":33,"column":8},"end":{"line":33,"column":35}},"15":{"start":{"line":36,"column":6},"end":{"line":36,"column":25}},"16":{"start":{"line":40,"column":23},"end":{"line":48,"column":3}},"17":{"start":{"line":41,"column":4},"end":{"line":44,"column":5}},"18":{"start":{"line":42,"column":6},"end":{"line":42,"column":30}},"19":{"start":{"line":43,"column":6},"end":{"line":43,"column":32}},"20":{"start":{"line":46,"column":4},"end":{"line":46,"column":28}},"21":{"start":{"line":47,"column":4},"end":{"line":47,"column":22}},"22":{"start":{"line":50,"column":2},"end":{"line":105,"column":4}},"23":{"start":{"line":91,"column":14},"end":{"line":98,"column":20}},"24":{"start":{"line":93,"column":31},"end":{"line":93,"column":71}}},"fnMap":{"0":{"name":"Search","decl":{"start":{"line":8,"column":9},"end":{"line":8,"column":15}},"loc":{"start":{"line":8,"column":18},"end":{"line":106,"column":1}},"line":8},"1":{"name":"(anonymous_1)","decl":{"start":{"line":21,"column":22},"end":{"line":21,"column":23}},"loc":{"start":{"line":21,"column":39},"end":{"line":38,"column":3}},"line":21},"2":{"name":"(anonymous_2)","decl":{"start":{"line":40,"column":23},"end":{"line":40,"column":24}},"loc":{"start":{"line":40,"column":39},"end":{"line":48,"column":3}},"line":40},"3":{"name":"(anonymous_3)","decl":{"start":{"line":90,"column":32},"end":{"line":90,"column":33}},"loc":{"start":{"line":91,"column":14},"end":{"line":98,"column":20}},"line":91},"4":{"name":"(anonymous_4)","decl":{"start":{"line":93,"column":25},"end":{"line":93,"column":26}},"loc":{"start":{"line":93,"column":31},"end":{"line":93,"column":71}},"line":93}},"branchMap":{"0":{"loc":{"start":{"line":32,"column":6},"end":{"line":34,"column":7}},"type":"if","locations":[{"start":{"line":32,"column":6},"end":{"line":34,"column":7}},{"start":{},"end":{}}],"line":32},"1":{"loc":{"start":{"line":41,"column":4},"end":{"line":44,"column":5}},"type":"if","locations":[{"start":{"line":41,"column":4},"end":{"line":44,"column":5}},{"start":{},"end":{}}],"line":41},"2":{"loc":{"start":{"line":55,"column":8},"end":{"line":74,"column":11}},"type":"cond-expr","locations":[{"start":{"line":56,"column":12},"end":{"line":56,"column":23}},{"start":{"line":58,"column":12},"end":{"line":73,"column":19}}],"line":55},"3":{"loc":{"start":{"line":80,"column":10},"end":{"line":80,"column":65}},"type":"binary-expr","locations":[{"start":{"line":80,"column":10},"end":{"line":80,"column":22}},{"start":{"line":80,"column":26},"end":{"line":80,"column":49}},{"start":{"line":80,"column":53},"end":{"line":80,"column":65}}],"line":80},"4":{"loc":{"start":{"line":83,"column":10},"end":{"line":83,"column":63}},"type":"binary-expr","locations":[{"start":{"line":83,"column":10},"end":{"line":83,"column":23}},{"start":{"line":83,"column":27},"end":{"line":83,"column":63}}],"line":83},"5":{"loc":{"start":{"line":89,"column":12},"end":{"line":99,"column":14}},"type":"binary-expr","locations":[{"start":{"line":89,"column":12},"end":{"line":89,"column":24}},{"start":{"line":90,"column":15},"end":{"line":99,"column":14}}],"line":89}},"s":{"0":1,"1":1,"2":1,"3":1,"4":1,"5":1,"6":1,"7":0,"8":0,"9":0,"10":0,"11":0,"12":0,"13":0,"14":0,"15":0,"16":1,"17":0,"18":0,"19":0,"20":0,"21":0,"22":1,"23":0,"24":0},"f":{"0":1,"1":0,"2":0,"3":0,"4":0},"b":{"0":[0,0],"1":[0,0],"2":[0,1],"3":[1,1,0],"4":[1,0],"5":[1,1]},"_coverageSchema":"1a1c01bbd47fc00a2c39e90264f33305004495a9","hash":"b2ef7b9714476ab808a39a075269e323fe828cfd"}
,"/home/edyomar/portfolio/trybetunes/src/pages/Search/Style.js": {"path":"/home/edyomar/portfolio/trybetunes/src/pages/Search/Style.js","statementMap":{"0":{"start":{"line":3,"column":20},"end":{"line":39,"column":1}},"1":{"start":{"line":41,"column":23},"end":{"line":46,"column":1}},"2":{"start":{"line":48,"column":19},"end":{"line":92,"column":1}},"3":{"start":{"line":94,"column":17},"end":{"line":104,"column":1}},"4":{"start":{"line":106,"column":18},"end":{"line":116,"column":1}}},"fnMap":{},"branchMap":{},"s":{"0":2,"1":2,"2":2,"3":2,"4":2},"f":{},"b":{},"_coverageSchema":"1a1c01bbd47fc00a2c39e90264f33305004495a9","hash":"2e1f0675477d724efba0da19afd87b0dd9b87bd0"}
,"/home/edyomar/portfolio/trybetunes/src/services/favoriteSongsAPI.js": {"path":"/home/edyomar/portfolio/trybetunes/src/services/favoriteSongsAPI.js","statementMap":{"0":{"start":{"line":5,"column":27},"end":{"line":5,"column":43}},"1":{"start":{"line":7,"column":0},"end":{"line":9,"column":1}},"2":{"start":{"line":8,"column":2},"end":{"line":8,"column":63}},"3":{"start":{"line":11,"column":33},"end":{"line":11,"column":91}},"4":{"start":{"line":11,"column":39},"end":{"line":11,"column":91}},"5":{"start":{"line":12,"column":26},"end":{"line":13,"column":59}},"6":{"start":{"line":12,"column":45},"end":{"line":13,"column":59}},"7":{"start":{"line":15,"column":23},"end":{"line":20,"column":1}},"8":{"start":{"line":16,"column":2},"end":{"line":19,"column":3}},"9":{"start":{"line":17,"column":26},"end":{"line":17,"column":45}},"10":{"start":{"line":18,"column":4},"end":{"line":18,"column":48}},"11":{"start":{"line":22,"column":26},"end":{"line":25,"column":1}},"12":{"start":{"line":23,"column":24},"end":{"line":23,"column":43}},"13":{"start":{"line":24,"column":2},"end":{"line":24,"column":77}},"14":{"start":{"line":24,"column":48},"end":{"line":24,"column":74}}},"fnMap":{"0":{"name":"(anonymous_0)","decl":{"start":{"line":11,"column":33},"end":{"line":11,"column":34}},"loc":{"start":{"line":11,"column":39},"end":{"line":11,"column":91}},"line":11},"1":{"name":"(anonymous_1)","decl":{"start":{"line":12,"column":26},"end":{"line":12,"column":27}},"loc":{"start":{"line":12,"column":45},"end":{"line":13,"column":59}},"line":12},"2":{"name":"(anonymous_2)","decl":{"start":{"line":15,"column":23},"end":{"line":15,"column":24}},"loc":{"start":{"line":15,"column":33},"end":{"line":20,"column":1}},"line":15},"3":{"name":"(anonymous_3)","decl":{"start":{"line":22,"column":26},"end":{"line":22,"column":27}},"loc":{"start":{"line":22,"column":36},"end":{"line":25,"column":1}},"line":22},"4":{"name":"(anonymous_4)","decl":{"start":{"line":24,"column":41},"end":{"line":24,"column":42}},"loc":{"start":{"line":24,"column":48},"end":{"line":24,"column":74}},"line":24}},"branchMap":{"0":{"loc":{"start":{"line":7,"column":0},"end":{"line":9,"column":1}},"type":"if","locations":[{"start":{"line":7,"column":0},"end":{"line":9,"column":1}},{"start":{},"end":{}}],"line":7},"1":{"loc":{"start":{"line":16,"column":2},"end":{"line":19,"column":3}},"type":"if","locations":[{"start":{"line":16,"column":2},"end":{"line":19,"column":3}},{"start":{},"end":{}}],"line":16}},"s":{"0":2,"1":2,"2":2,"3":2,"4":0,"5":2,"6":0,"7":2,"8":0,"9":0,"10":0,"11":2,"12":0,"13":0,"14":0},"f":{"0":0,"1":0,"2":0,"3":0,"4":0},"b":{"0":[2,0],"1":[0,0]},"_coverageSchema":"1a1c01bbd47fc00a2c39e90264f33305004495a9","hash":"fa64f2098740b8e70bed2b00804eb19211cf6974"}
,"/home/edyomar/portfolio/trybetunes/src/services/musicsAPI.js": {"path":"/home/edyomar/portfolio/trybetunes/src/services/musicsAPI.js","statementMap":{"0":{"start":{"line":4,"column":18},"end":{"line":8,"column":1}},"1":{"start":{"line":5,"column":18},"end":{"line":5,"column":85}},"2":{"start":{"line":6,"column":22},"end":{"line":6,"column":42}},"3":{"start":{"line":7,"column":2},"end":{"line":7,"column":29}}},"fnMap":{"0":{"name":"(anonymous_0)","decl":{"start":{"line":4,"column":18},"end":{"line":4,"column":19}},"loc":{"start":{"line":4,"column":32},"end":{"line":8,"column":1}},"line":4}},"branchMap":{},"s":{"0":2,"1":0,"2":0,"3":0},"f":{"0":0},"b":{},"_coverageSchema":"1a1c01bbd47fc00a2c39e90264f33305004495a9","hash":"bd7fbf2d5723a555907916586fed7cc2f5ac0a6d"}
,"/home/edyomar/portfolio/trybetunes/src/services/searchAlbumsAPI.js": {"path":"/home/edyomar/portfolio/trybetunes/src/services/searchAlbumsAPI.js","statementMap":{"0":{"start":{"line":4,"column":24},"end":{"line":35,"column":1}},"1":{"start":{"line":5,"column":24},"end":{"line":5,"column":64}},"2":{"start":{"line":7,"column":23},"end":{"line":7,"column":115}},"3":{"start":{"line":9,"column":22},"end":{"line":9,"column":47}},"4":{"start":{"line":11,"column":22},"end":{"line":11,"column":46}},"5":{"start":{"line":13,"column":19},"end":{"line":33,"column":3}},"6":{"start":{"line":23,"column":11},"end":{"line":32,"column":5}},"7":{"start":{"line":34,"column":2},"end":{"line":34,"column":18}}},"fnMap":{"0":{"name":"(anonymous_0)","decl":{"start":{"line":4,"column":24},"end":{"line":4,"column":25}},"loc":{"start":{"line":4,"column":42},"end":{"line":35,"column":1}},"line":4},"1":{"name":"(anonymous_1)","decl":{"start":{"line":14,"column":4},"end":{"line":14,"column":5}},"loc":{"start":{"line":23,"column":11},"end":{"line":32,"column":5}},"line":23}},"branchMap":{},"s":{"0":2,"1":0,"2":0,"3":0,"4":0,"5":0,"6":0,"7":0},"f":{"0":0,"1":0},"b":{},"_coverageSchema":"1a1c01bbd47fc00a2c39e90264f33305004495a9","hash":"a2eba13bd12754a6a03d94243cbc5473cb4fcf8d"}
}
