TN:
SF:src/App.js
FN:13,App
FNF:1
FNH:1
FNDA:4,App
DA:14,4
DA:23,4
LF:2
LH:2
BRF:0
BRH:0
end_of_record
TN:
SF:src/index.js
FNF:0
FNH:0
DA:7,0
DA:8,0
DA:17,0
LF:3
LH:0
BRF:0
BRH:0
end_of_record
TN:
SF:src/reportWebVitals.js
FN:1,(anonymous_0)
FN:3,(anonymous_1)
FNF:2
FNH:0
FNDA:0,(anonymous_0)
FNDA:0,(anonymous_1)
DA:1,0
DA:2,0
DA:3,0
DA:4,0
DA:5,0
DA:6,0
DA:7,0
DA:8,0
LF:8
LH:0
BRDA:2,0,0,0
BRDA:2,0,1,0
BRDA:2,1,0,0
BRDA:2,1,1,0
BRF:4
BRH:0
end_of_record
TN:
SF:src/components/Header/Header.js
FN:9,Header
FN:31,(anonymous_1)
FN:39,(anonymous_2)
FN:46,(anonymous_3)
FN:53,(anonymous_4)
FNF:5
FNH:1
FNDA:1,Header
FNDA:0,(anonymous_1)
FNDA:0,(anonymous_2)
FNDA:0,(anonymous_3)
FNDA:0,(anonymous_4)
DA:10,1
DA:11,1
DA:12,1
DA:14,1
DA:31,0
DA:39,0
DA:46,0
DA:53,0
LF:8
LH:4
BRDA:22,0,0,0
BRDA:22,0,1,1
BRDA:38,1,0,1
BRDA:38,1,1,0
BRDA:38,2,0,1
BRDA:38,2,1,0
BRDA:45,3,0,0
BRDA:45,3,1,1
BRDA:52,4,0,0
BRDA:52,4,1,1
BRF:10
BRH:5
end_of_record
TN:
SF:src/components/Header/Style.js
FNF:0
FNH:0
DA:3,2
DA:62,2
LF:2
LH:2
BRF:0
BRH:0
end_of_record
TN:
SF:src/components/InfoUpdatePopup/InfoUpdatePopup.js
FN:4,InfoUpdatePopup
FNF:1
FNH:0
FNDA:0,InfoUpdatePopup
DA:5,0
LF:1
LH:0
BRF:0
BRH:0
end_of_record
TN:
SF:src/components/InfoUpdatePopup/Style.js
FNF:0
FNH:0
DA:3,2
LF:1
LH:1
BRF:0
BRH:0
end_of_record
TN:
SF:src/components/Loading/Loading.js
FN:4,Loading
FNF:1
FNH:0
FNDA:0,Loading
DA:5,0
LF:1
LH:0
BRF:0
BRH:0
end_of_record
TN:
SF:src/components/Loading/Style.js
FNF:0
FNH:0
DA:3,2
LF:1
LH:1
BRF:0
BRH:0
end_of_record
TN:
SF:src/components/MusicCard/MusicCard.js
FN:7,MusicCard
FN:11,(anonymous_1)
FN:12,(anonymous_2)
FN:19,(anonymous_3)
FN:23,(anonymous_4)
FN:35,(anonymous_5)
FN:36,(anonymous_6)
FNF:7
FNH:0
FNDA:0,MusicCard
FNDA:0,(anonymous_1)
FNDA:0,(anonymous_2)
FNDA:0,(anonymous_3)
FNDA:0,(anonymous_4)
FNDA:0,(anonymous_5)
FNDA:0,(anonymous_6)
DA:8,0
DA:9,0
DA:11,0
DA:12,0
DA:13,0
DA:14,0
DA:16,0
DA:19,0
DA:20,0
DA:23,0
DA:24,0
DA:26,0
DA:27,0
DA:30,0
DA:31,0
DA:35,0
DA:36,0
DA:38,0
DA:41,0
DA:63,2
LF:20
LH:1
BRDA:26,0,0,0
BRDA:26,0,1,0
BRDA:30,1,0,0
BRDA:30,1,1,0
BRDA:43,2,0,0
BRDA:43,2,1,0
BRDA:54,3,0,0
BRDA:54,3,1,0
BRF:8
BRH:0
end_of_record
TN:
SF:src/components/MusicCard/Style.js
FNF:0
FNH:0
DA:3,2
LF:1
LH:1
BRF:0
BRH:0
end_of_record
TN:
SF:src/context/AppContext.js
FNF:0
FNH:0
DA:3,2
LF:1
LH:1
BRF:0
BRH:0
end_of_record
TN:
SF:src/context/AppProvider.js
FN:4,AppProvider
FNF:1
FNH:1
FNDA:44,AppProvider
DA:5,44
DA:6,44
DA:7,44
DA:14,44
DA:22,44
LF:5
LH:5
BRF:0
BRH:0
end_of_record
TN:
SF:src/pages/Album/Album.js
FN:8,Album
FN:14,(anonymous_1)
FN:16,(anonymous_2)
FN:23,(anonymous_3)
FN:56,(anonymous_4)
FNF:5
FNH:0
FNDA:0,Album
FNDA:0,(anonymous_1)
FNDA:0,(anonymous_2)
FNDA:0,(anonymous_3)
FNDA:0,(anonymous_4)
DA:9,0
DA:10,0
DA:11,0
DA:12,0
DA:14,0
DA:16,0
DA:17,0
DA:18,0
DA:19,0
DA:21,0
DA:23,0
DA:25,0
DA:27,0
DA:28,0
DA:29,0
DA:32,0
DA:34,0
DA:37,0
DA:40,0
DA:57,0
LF:20
LH:0
BRDA:27,0,0,0
BRDA:27,0,1,0
BRDA:27,1,0,0
BRDA:27,1,1,0
BRDA:48,2,0,0
BRDA:48,2,1,0
BRDA:49,3,0,0
BRDA:49,3,1,0
BRDA:50,4,0,0
BRDA:50,4,1,0
BRDA:53,5,0,0
BRDA:53,5,1,0
BRF:12
BRH:0
end_of_record
TN:
SF:src/pages/Album/Style.js
FNF:0
FNH:0
DA:3,2
LF:1
LH:1
BRF:0
BRH:0
end_of_record
TN:
SF:src/pages/Favorites/Favorites.js
FN:7,Favorites
FN:10,(anonymous_1)
FN:27,(anonymous_2)
FNF:3
FNH:0
FNDA:0,Favorites
FNDA:0,(anonymous_1)
FNDA:0,(anonymous_2)
DA:8,0
DA:10,0
DA:11,0
DA:12,0
DA:15,0
DA:17,0
DA:28,0
LF:7
LH:0
BRDA:24,0,0,0
BRDA:24,0,1,0
BRDA:24,1,0,0
BRDA:24,1,1,0
BRF:4
BRH:0
end_of_record
TN:
SF:src/pages/Favorites/Style.js
FNF:0
FNH:0
DA:3,2
DA:12,2
DA:25,2
LF:3
LH:3
BRF:0
BRH:0
end_of_record
TN:
SF:src/pages/Login/Login.js
FN:7,Login
FN:15,(anonymous_1)
FN:26,(anonymous_2)
FN:34,(anonymous_3)
FNF:4
FNH:4
FNDA:84,Login
FNDA:40,(anonymous_1)
FNDA:44,(anonymous_2)
FNDA:1,(anonymous_3)
DA:8,84
DA:9,84
DA:10,84
DA:11,84
DA:12,84
DA:15,84
DA:16,40
DA:18,40
DA:19,40
DA:20,16
DA:22,24
DA:26,84
DA:27,44
DA:28,2
DA:30,42
DA:34,84
DA:36,1
DA:38,84
LF:18
LH:18
BRDA:19,0,0,16
BRDA:19,0,1,24
BRDA:27,1,0,2
BRDA:27,1,1,42
BRDA:27,2,0,44
BRDA:27,2,1,2
BRF:6
BRH:6
end_of_record
TN:
SF:src/pages/Login/Style.js
FNF:0
FNH:0
DA:3,2
LF:1
LH:1
BRF:0
BRH:0
end_of_record
TN:
SF:src/pages/NotFound/NotFound.js
FN:6,NotFound
FN:18,(anonymous_1)
FNF:2
FNH:0
FNDA:0,NotFound
FNDA:0,(anonymous_1)
DA:7,0
DA:9,0
DA:18,0
LF:3
LH:0
BRF:0
BRH:0
end_of_record
TN:
SF:src/pages/NotFound/Style.js
FNF:0
FNH:0
DA:3,2
DA:33,2
LF:2
LH:2
BRF:0
BRH:0
end_of_record
TN:
SF:src/pages/Profile/Profile.js
FN:9,Profile
FN:13,(anonymous_1)
FN:14,(anonymous_2)
FN:17,(anonymous_3)
FN:31,(anonymous_4)
FNF:5
FNH:0
FNDA:0,Profile
FNDA:0,(anonymous_1)
FNDA:0,(anonymous_2)
FNDA:0,(anonymous_3)
FNDA:0,(anonymous_4)
DA:10,0
DA:11,0
DA:13,0
DA:14,0
DA:15,0
DA:17,0
DA:20,0
DA:31,0
LF:8
LH:0
BRDA:24,0,0,0
BRDA:24,0,1,0
BRDA:28,1,0,0
BRDA:28,1,1,0
BRDA:42,2,0,0
BRDA:42,2,1,0
BRF:6
BRH:0
end_of_record
TN:
SF:src/pages/Profile/Style.js
FNF:0
FNH:0
DA:3,2
DA:11,2
DA:44,2
LF:3
LH:3
BRF:0
BRH:0
end_of_record
TN:
SF:src/pages/ProfileEdit/ProfileEdit.js
FN:8,ProfileEdit
FN:19,(anonymous_1)
FN:23,(anonymous_2)
FN:30,(anonymous_3)
FN:41,(anonymous_4)
FN:74,(anonymous_5)
FNF:6
FNH:0
FNDA:0,ProfileEdit
FNDA:0,(anonymous_1)
FNDA:0,(anonymous_2)
FNDA:0,(anonymous_3)
FNDA:0,(anonymous_4)
FNDA:0,(anonymous_5)
DA:9,0
DA:10,0
DA:15,0
DA:16,0
DA:17,0
DA:19,0
DA:20,0
DA:23,0
DA:24,0
DA:30,0
DA:31,0
DA:37,0
DA:38,0
DA:41,0
DA:42,0
DA:43,0
DA:44,0
DA:45,0
DA:47,0
DA:48,0
DA:50,0
DA:53,0
DA:74,0
LF:23
LH:0
BRDA:43,0,0,0
BRDA:43,0,1,0
BRDA:59,1,0,0
BRDA:59,1,1,0
BRDA:71,2,0,0
BRDA:71,2,1,0
BRF:6
BRH:0
end_of_record
TN:
SF:src/pages/ProfileEdit/Style.js
FNF:0
FNH:0
DA:3,2
LF:1
LH:1
BRF:0
BRH:0
end_of_record
TN:
SF:src/pages/Search/Search.js
FN:8,Search
FN:21,(anonymous_1)
FN:40,(anonymous_2)
FN:90,(anonymous_3)
FN:93,(anonymous_4)
FNF:5
FNH:1
FNDA:1,Search
FNDA:0,(anonymous_1)
FNDA:0,(anonymous_2)
FNDA:0,(anonymous_3)
FNDA:0,(anonymous_4)
DA:9,1
DA:10,1
DA:11,1
DA:12,1
DA:13,1
DA:16,1
DA:21,1
DA:22,0
DA:24,0
DA:25,0
DA:27,0
DA:29,0
DA:30,0
DA:32,0
DA:33,0
DA:36,0
DA:40,1
DA:41,0
DA:42,0
DA:43,0
DA:46,0
DA:47,0
DA:50,1
DA:91,0
DA:93,0
LF:25
LH:9
BRDA:32,0,0,0
BRDA:32,0,1,0
BRDA:41,1,0,0
BRDA:41,1,1,0
BRDA:55,2,0,0
BRDA:55,2,1,1
BRDA:80,3,0,1
BRDA:80,3,1,1
BRDA:80,3,2,0
BRDA:83,4,0,1
BRDA:83,4,1,0
BRDA:89,5,0,1
BRDA:89,5,1,1
BRF:13
BRH:6
end_of_record
TN:
SF:src/pages/Search/Style.js
FNF:0
FNH:0
DA:3,2
DA:41,2
DA:48,2
DA:94,2
DA:106,2
LF:5
LH:5
BRF:0
BRH:0
end_of_record
TN:
SF:src/services/favoriteSongsAPI.js
FN:11,(anonymous_0)
FN:12,(anonymous_1)
FN:15,(anonymous_2)
FN:22,(anonymous_3)
FN:24,(anonymous_4)
FNF:5
FNH:0
FNDA:0,(anonymous_0)
FNDA:0,(anonymous_1)
FNDA:0,(anonymous_2)
FNDA:0,(anonymous_3)
FNDA:0,(anonymous_4)
DA:5,2
DA:7,2
DA:8,2
DA:11,2
DA:12,2
DA:15,2
DA:16,0
DA:17,0
DA:18,0
DA:22,2
DA:23,0
DA:24,0
LF:12
LH:7
BRDA:7,0,0,2
BRDA:7,0,1,0
BRDA:16,1,0,0
BRDA:16,1,1,0
BRF:4
BRH:1
end_of_record
TN:
SF:src/services/musicsAPI.js
FN:4,(anonymous_0)
FNF:1
FNH:0
FNDA:0,(anonymous_0)
DA:4,2
DA:5,0
DA:6,0
DA:7,0
LF:4
LH:1
BRF:0
BRH:0
end_of_record
TN:
SF:src/services/searchAlbumsAPI.js
FN:4,(anonymous_0)
FN:14,(anonymous_1)
FNF:2
FNH:0
FNDA:0,(anonymous_0)
FNDA:0,(anonymous_1)
DA:4,2
DA:5,0
DA:7,0
DA:9,0
DA:11,0
DA:13,0
DA:23,0
DA:34,0
LF:8
LH:1
BRF:0
BRH:0
end_of_record
